# JRE version: OpenJDK Runtime Environment Temurin-21.0.8+9 (21.0.8+9) (build 21.0.8+9-LTS)
# Java VM: OpenJDK 64-Bit Server VM Temurin-21.0.8+9 (21.0.8+9-LTS, mixed mode, sharing, tiered, compressed oops, compressed class ptrs, parallel gc, windows-amd64)
GC Precious Log:
 CardTable entry size: 512
 CPUs: 12 total, 12 available
 Memory: 16207M
 Large Page Support: Disabled
 NUMA Support: Disabled
 Compressed Oops: Enabled (32-bit)
 Alignments: Space 512K, Generation 512K, Heap 2M
 Heap Min Capacity: 100M
 Heap Initial Capacity: 100M
 Heap Max Capacity: 2G
 Pre-touch: Disabled
 Parallel Workers: 10
Heap:
 PSYoungGen      total 2048K, used 571K [0x00000000d5580000, 0x00000000d5a00000, 0x0000000100000000)
  eden space 1536K, 3% used [0x00000000d5580000,0x00000000d558ec90,0x00000000d5700000)
  from space 512K, 100% used [0x00000000d5980000,0x00000000d5a00000,0x00000000d5a00000)
  to   space 1024K, 0% used [0x00000000d5800000,0x00000000d5800000,0x00000000d5900000)
 ParOldGen       total 736768K, used 736654K [0x0000000080000000, 0x00000000acf80000, 0x00000000d5580000)
  object space 736768K, 99% used [0x0000000080000000,0x00000000acf639d0,0x00000000acf80000)
 Metaspace       used 73590K, committed 75072K, reserved 1179648K
  class space    used 7809K, committed 8448K, reserved 1048576K
GC Heap History (20 events):
Event: 47.410 GC heap before
{Heap before GC invocations=862 (full 3):
 PSYoungGen      total 2048K, used 2047K [0x00000000d5580000, 0x00000000d5c80000, 0x0000000100000000)
  eden space 1024K, 99% used [0x00000000d5580000,0x00000000d567fff0,0x00000000d5680000)
  from space 1024K, 100% used [0x00000000d5900000,0x00000000d5a00000,0x00000000d5a00000)
  to   space 2560K, 0% used [0x00000000d5680000,0x00000000d5680000,0x00000000d5900000)
 ParOldGen       total 729600K, used 729525K [0x0000000080000000, 0x00000000ac880000, 0x00000000d5580000)
  object space 729600K, 99% used [0x0000000080000000,0x00000000ac86d638,0x00000000ac880000)
 Metaspace       used 73134K, committed 74688K, reserved 1179648K
  class space    used 7750K, committed 8448K, reserved 1048576K
}
Event: 47.413 GC heap after
{Heap after GC invocations=862 (full 3):
 PSYoungGen      total 2048K, used 928K [0x00000000d5580000, 0x00000000d5a00000, 0x0000000100000000)
  eden space 1024K, 0% used [0x00000000d5580000,0x00000000d5580000,0x00000000d5680000)
  from space 1024K, 90% used [0x00000000d5680000,0x00000000d5768000,0x00000000d5780000)
  to   space 1536K, 0% used [0x00000000d5880000,0x00000000d5880000,0x00000000d5a00000)
 ParOldGen       total 730624K, used 730598K [0x0000000080000000, 0x00000000ac980000, 0x00000000d5580000)
  object space 730624K, 99% used [0x0000000080000000,0x00000000ac9798c8,0x00000000ac980000)
 Metaspace       used 73134K, committed 74688K, reserved 1179648K
  class space    used 7750K, committed 8448K, reserved 1048576K
}
Event: 47.442 GC heap before
{Heap before GC invocations=863 (full 3):
 PSYoungGen      total 2048K, used 1952K [0x00000000d5580000, 0x00000000d5a00000, 0x0000000100000000)
  eden space 1024K, 100% used [0x00000000d5580000,0x00000000d5680000,0x00000000d5680000)
  from space 1024K, 90% used [0x00000000d5680000,0x00000000d5768000,0x00000000d5780000)
  to   space 1536K, 0% used [0x00000000d5880000,0x00000000d5880000,0x00000000d5a00000)
 ParOldGen       total 730624K, used 730598K [0x0000000080000000, 0x00000000ac980000, 0x00000000d5580000)
  object space 730624K, 99% used [0x0000000080000000,0x00000000ac9798c8,0x00000000ac980000)
 Metaspace       used 73134K, committed 74688K, reserved 1179648K
  class space    used 7750K, committed 8448K, reserved 1048576K
}
Event: 47.444 GC heap after
{Heap after GC invocations=863 (full 3):
 PSYoungGen      total 3072K, used 1056K [0x00000000d5580000, 0x00000000d5a00000, 0x0000000100000000)
  eden space 1536K, 0% used [0x00000000d5580000,0x00000000d5580000,0x00000000d5700000)
  from space 1536K, 68% used [0x00000000d5880000,0x00000000d5988000,0x00000000d5a00000)
  to   space 1536K, 0% used [0x00000000d5700000,0x00000000d5700000,0x00000000d5880000)
 ParOldGen       total 731648K, used 731454K [0x0000000080000000, 0x00000000aca80000, 0x00000000d5580000)
  object space 731648K, 99% used [0x0000000080000000,0x00000000aca4f8c8,0x00000000aca80000)
 Metaspace       used 73134K, committed 74688K, reserved 1179648K
  class space    used 7750K, committed 8448K, reserved 1048576K
}
Event: 47.470 GC heap before
{Heap before GC invocations=864 (full 3):
 PSYoungGen      total 3072K, used 2585K [0x00000000d5580000, 0x00000000d5a00000, 0x0000000100000000)
  eden space 1536K, 99% used [0x00000000d5580000,0x00000000d56fe550,0x00000000d5700000)
  from space 1536K, 68% used [0x00000000d5880000,0x00000000d5988000,0x00000000d5a00000)
  to   space 1536K, 0% used [0x00000000d5700000,0x00000000d5700000,0x00000000d5880000)
 ParOldGen       total 731648K, used 731454K [0x0000000080000000, 0x00000000aca80000, 0x00000000d5580000)
  object space 731648K, 99% used [0x0000000080000000,0x00000000aca4f8c8,0x00000000aca80000)
 Metaspace       used 73135K, committed 74688K, reserved 1179648K
  class space    used 7750K, committed 8448K, reserved 1048576K
}
Event: 47.473 GC heap after
{Heap after GC invocations=864 (full 3):
 PSYoungGen      total 3072K, used 1536K [0x00000000d5580000, 0x00000000d5d80000, 0x0000000100000000)
  eden space 1536K, 0% used [0x00000000d5580000,0x00000000d5580000,0x00000000d5700000)
  from space 1536K, 100% used [0x00000000d5700000,0x00000000d5880000,0x00000000d5880000)
  to   space 3072K, 0% used [0x00000000d5a80000,0x00000000d5a80000,0x00000000d5d80000)
 ParOldGen       total 732672K, used 732398K [0x0000000080000000, 0x00000000acb80000, 0x00000000d5580000)
  object space 732672K, 99% used [0x0000000080000000,0x00000000acb3b8c8,0x00000000acb80000)
 Metaspace       used 73135K, committed 74688K, reserved 1179648K
  class space    used 7750K, committed 8448K, reserved 1048576K
}
Event: 120.422 GC heap before
{Heap before GC invocations=865 (full 3):
 PSYoungGen      total 3072K, used 3072K [0x00000000d5580000, 0x00000000d5d80000, 0x0000000100000000)
  eden space 1536K, 100% used [0x00000000d5580000,0x00000000d5700000,0x00000000d5700000)
  from space 1536K, 100% used [0x00000000d5700000,0x00000000d5880000,0x00000000d5880000)
  to   space 3072K, 0% used [0x00000000d5a80000,0x00000000d5a80000,0x00000000d5d80000)
 ParOldGen       total 732672K, used 732398K [0x0000000080000000, 0x00000000acb80000, 0x00000000d5580000)
  object space 732672K, 99% used [0x0000000080000000,0x00000000acb3b8c8,0x00000000acb80000)
 Metaspace       used 73342K, committed 74880K, reserved 1179648K
  class space    used 7771K, committed 8448K, reserved 1048576K
}
Event: 120.424 GC heap after
{Heap after GC invocations=865 (full 3):
 PSYoungGen      total 2048K, used 224K [0x00000000d5580000, 0x00000000d5b00000, 0x0000000100000000)
  eden space 1536K, 0% used [0x00000000d5580000,0x00000000d5580000,0x00000000d5700000)
  from space 512K, 43% used [0x00000000d5a80000,0x00000000d5ab8020,0x00000000d5b00000)
  to   space 1536K, 0% used [0x00000000d5800000,0x00000000d5800000,0x00000000d5980000)
 ParOldGen       total 734208K, used 733830K [0x0000000080000000, 0x00000000acd00000, 0x00000000d5580000)
  object space 734208K, 99% used [0x0000000080000000,0x00000000acca18c8,0x00000000acd00000)
 Metaspace       used 73342K, committed 74880K, reserved 1179648K
  class space    used 7771K, committed 8448K, reserved 1048576K
}
Event: 120.437 GC heap before
{Heap before GC invocations=866 (full 3):
 PSYoungGen      total 2048K, used 1760K [0x00000000d5580000, 0x00000000d5b00000, 0x0000000100000000)
  eden space 1536K, 100% used [0x00000000d5580000,0x00000000d5700000,0x00000000d5700000)
  from space 512K, 43% used [0x00000000d5a80000,0x00000000d5ab8020,0x00000000d5b00000)
  to   space 1536K, 0% used [0x00000000d5800000,0x00000000d5800000,0x00000000d5980000)
 ParOldGen       total 734208K, used 733830K [0x0000000080000000, 0x00000000acd00000, 0x00000000d5580000)
  object space 734208K, 99% used [0x0000000080000000,0x00000000acca18c8,0x00000000acd00000)
 Metaspace       used 73490K, committed 75008K, reserved 1179648K
  class space    used 7788K, committed 8448K, reserved 1048576K
}
Event: 120.439 GC heap after
{Heap after GC invocations=866 (full 3):
 PSYoungGen      total 3072K, used 320K [0x00000000d5580000, 0x00000000d5b00000, 0x0000000100000000)
  eden space 1536K, 0% used [0x00000000d5580000,0x00000000d5580000,0x00000000d5700000)
  from space 1536K, 20% used [0x00000000d5800000,0x00000000d5850000,0x00000000d5980000)
  to   space 512K, 0% used [0x00000000d5a80000,0x00000000d5a80000,0x00000000d5b00000)
 ParOldGen       total 734208K, used 733974K [0x0000000080000000, 0x00000000acd00000, 0x00000000d5580000)
  object space 734208K, 99% used [0x0000000080000000,0x00000000accc58e8,0x00000000acd00000)
 Metaspace       used 73490K, committed 75008K, reserved 1179648K
  class space    used 7788K, committed 8448K, reserved 1048576K
}
Event: 120.445 GC heap before
{Heap before GC invocations=867 (full 3):
 PSYoungGen      total 3072K, used 1856K [0x00000000d5580000, 0x00000000d5b00000, 0x0000000100000000)
  eden space 1536K, 100% used [0x00000000d5580000,0x00000000d5700000,0x00000000d5700000)
  from space 1536K, 20% used [0x00000000d5800000,0x00000000d5850000,0x00000000d5980000)
  to   space 512K, 0% used [0x00000000d5a80000,0x00000000d5a80000,0x00000000d5b00000)
 ParOldGen       total 734208K, used 733974K [0x0000000080000000, 0x00000000acd00000, 0x00000000d5580000)
  object space 734208K, 99% used [0x0000000080000000,0x00000000accc58e8,0x00000000acd00000)
 Metaspace       used 73490K, committed 75008K, reserved 1179648K
  class space    used 7788K, committed 8448K, reserved 1048576K
}
Event: 120.448 GC heap after
{Heap after GC invocations=867 (full 3):
 PSYoungGen      total 2048K, used 448K [0x00000000d5580000, 0x00000000d5b00000, 0x0000000100000000)
  eden space 1536K, 0% used [0x00000000d5580000,0x00000000d5580000,0x00000000d5700000)
  from space 512K, 87% used [0x00000000d5a80000,0x00000000d5af0000,0x00000000d5b00000)
  to   space 512K, 0% used [0x00000000d5a00000,0x00000000d5a00000,0x00000000d5a80000)
 ParOldGen       total 734208K, used 734098K [0x0000000080000000, 0x00000000acd00000, 0x00000000d5580000)
  object space 734208K, 99% used [0x0000000080000000,0x00000000acce4ae8,0x00000000acd00000)
 Metaspace       used 73490K, committed 75008K, reserved 1179648K
  class space    used 7788K, committed 8448K, reserved 1048576K
}
Event: 120.459 GC heap before
{Heap before GC invocations=868 (full 3):
 PSYoungGen      total 2048K, used 1952K [0x00000000d5580000, 0x00000000d5b00000, 0x0000000100000000)
  eden space 1536K, 97% used [0x00000000d5580000,0x00000000d56f83f0,0x00000000d5700000)
  from space 512K, 87% used [0x00000000d5a80000,0x00000000d5af0000,0x00000000d5b00000)
  to   space 512K, 0% used [0x00000000d5a00000,0x00000000d5a00000,0x00000000d5a80000)
 ParOldGen       total 734208K, used 734098K [0x0000000080000000, 0x00000000acd00000, 0x00000000d5580000)
  object space 734208K, 99% used [0x0000000080000000,0x00000000acce4ae8,0x00000000acd00000)
 Metaspace       used 73494K, committed 75008K, reserved 1179648K
  class space    used 7788K, committed 8448K, reserved 1048576K
}
Event: 120.461 GC heap after
{Heap after GC invocations=868 (full 3):
 PSYoungGen      total 2048K, used 481K [0x00000000d5580000, 0x00000000d5b00000, 0x0000000100000000)
  eden space 1536K, 0% used [0x00000000d5580000,0x00000000d5580000,0x00000000d5700000)
  from space 512K, 94% used [0x00000000d5a00000,0x00000000d5a785a8,0x00000000d5a80000)
  to   space 512K, 0% used [0x00000000d5a80000,0x00000000d5a80000,0x00000000d5b00000)
 ParOldGen       total 734720K, used 734586K [0x0000000080000000, 0x00000000acd80000, 0x00000000d5580000)
  object space 734720K, 99% used [0x0000000080000000,0x00000000acd5eae8,0x00000000acd80000)
 Metaspace       used 73494K, committed 75008K, reserved 1179648K
  class space    used 7788K, committed 8448K, reserved 1048576K
}
Event: 120.470 GC heap before
{Heap before GC invocations=869 (full 3):
 PSYoungGen      total 2048K, used 2017K [0x00000000d5580000, 0x00000000d5b00000, 0x0000000100000000)
  eden space 1536K, 100% used [0x00000000d5580000,0x00000000d5700000,0x00000000d5700000)
  from space 512K, 94% used [0x00000000d5a00000,0x00000000d5a785a8,0x00000000d5a80000)
  to   space 512K, 0% used [0x00000000d5a80000,0x00000000d5a80000,0x00000000d5b00000)
 ParOldGen       total 734720K, used 734586K [0x0000000080000000, 0x00000000acd80000, 0x00000000d5580000)
  object space 734720K, 99% used [0x0000000080000000,0x00000000acd5eae8,0x00000000acd80000)
 Metaspace       used 73498K, committed 75008K, reserved 1179648K
  class space    used 7788K, committed 8448K, reserved 1048576K
}
Event: 120.473 GC heap after
{Heap after GC invocations=869 (full 3):
 PSYoungGen      total 2048K, used 509K [0x00000000d5580000, 0x00000000d5b00000, 0x0000000100000000)
  eden space 1536K, 0% used [0x00000000d5580000,0x00000000d5580000,0x00000000d5700000)
  from space 512K, 99% used [0x00000000d5a80000,0x00000000d5aff670,0x00000000d5b00000)
  to   space 2048K, 0% used [0x00000000d5700000,0x00000000d5700000,0x00000000d5900000)
 ParOldGen       total 735744K, used 735615K [0x0000000080000000, 0x00000000ace80000, 0x00000000d5580000)
  object space 735744K, 99% used [0x0000000080000000,0x00000000ace5ff60,0x00000000ace80000)
 Metaspace       used 73498K, committed 75008K, reserved 1179648K
  class space    used 7788K, committed 8448K, reserved 1048576K
}
Event: 120.490 GC heap before
{Heap before GC invocations=870 (full 3):
 PSYoungGen      total 2048K, used 2045K [0x00000000d5580000, 0x00000000d5b00000, 0x0000000100000000)
  eden space 1536K, 100% used [0x00000000d5580000,0x00000000d5700000,0x00000000d5700000)
  from space 512K, 99% used [0x00000000d5a80000,0x00000000d5aff670,0x00000000d5b00000)
  to   space 2048K, 0% used [0x00000000d5700000,0x00000000d5700000,0x00000000d5900000)
 ParOldGen       total 735744K, used 735615K [0x0000000080000000, 0x00000000ace80000, 0x00000000d5580000)
  object space 735744K, 99% used [0x0000000080000000,0x00000000ace5ff60,0x00000000ace80000)
 Metaspace       used 73577K, committed 75072K, reserved 1179648K
  class space    used 7808K, committed 8448K, reserved 1048576K
}
Event: 120.492 GC heap after
{Heap after GC invocations=870 (full 3):
 PSYoungGen      total 3584K, used 929K [0x00000000d5580000, 0x00000000d5b00000, 0x0000000100000000)
  eden space 1536K, 0% used [0x00000000d5580000,0x00000000d5580000,0x00000000d5700000)
  from space 2048K, 45% used [0x00000000d5700000,0x00000000d57e8728,0x00000000d5900000)
  to   space 1536K, 0% used [0x00000000d5980000,0x00000000d5980000,0x00000000d5b00000)
 ParOldGen       total 736256K, used 736150K [0x0000000080000000, 0x00000000acf00000, 0x00000000d5580000)
  object space 736256K, 99% used [0x0000000080000000,0x00000000acee59c0,0x00000000acf00000)
 Metaspace       used 73577K, committed 75072K, reserved 1179648K
  class space    used 7808K, committed 8448K, reserved 1048576K
}
Event: 129.031 GC heap before
{Heap before GC invocations=871 (full 3):
 PSYoungGen      total 3584K, used 2463K [0x00000000d5580000, 0x00000000d5b00000, 0x0000000100000000)
  eden space 1536K, 99% used [0x00000000d5580000,0x00000000d56ff4e8,0x00000000d5700000)
  from space 2048K, 45% used [0x00000000d5700000,0x00000000d57e8728,0x00000000d5900000)
  to   space 1536K, 0% used [0x00000000d5980000,0x00000000d5980000,0x00000000d5b00000)
 ParOldGen       total 736256K, used 736150K [0x0000000080000000, 0x00000000acf00000, 0x00000000d5580000)
  object space 736256K, 99% used [0x0000000080000000,0x00000000acee59c0,0x00000000acf00000)
 Metaspace       used 73589K, committed 75072K, reserved 1179648K
  class space    used 7809K, committed 8448K, reserved 1048576K
}
Event: 129.035 GC heap after
{Heap after GC invocations=871 (full 3):
 PSYoungGen      total 2048K, used 512K [0x00000000d5580000, 0x00000000d5a00000, 0x0000000100000000)
  eden space 1536K, 0% used [0x00000000d5580000,0x00000000d5580000,0x00000000d5700000)
  from space 512K, 100% used [0x00000000d5980000,0x00000000d5a00000,0x00000000d5a00000)
  to   space 1024K, 0% used [0x00000000d5800000,0x00000000d5800000,0x00000000d5900000)
 ParOldGen       total 736768K, used 736654K [0x0000000080000000, 0x00000000acf80000, 0x00000000d5580000)
  object space 736768K, 99% used [0x0000000080000000,0x00000000acf639d0,0x00000000acf80000)
 Metaspace       used 73589K, committed 75072K, reserved 1179648K
  class space    used 7809K, committed 8448K, reserved 1048576K
}

